<?xml version="1.0" encoding="UTF-8"?>
<testng-results ignored="0" total="1" passed="1" failed="0" skipped="0">
  <reporter-output>
  </reporter-output>
  <suite started-at="2021-08-12T13:56:45 GMT+03:00" name="Default suite" finished-at="2021-08-12T13:57:12 GMT+03:00" duration-ms="27169">
    <groups>
      <group name="cucumber">
        <method signature="AbstractTestNGCucumberTests.feature(cucumber.api.testng.CucumberFeatureWrapper)[pri:0, instance:runner.TestRunner@729d991e]" name="feature" class="cucumber.api.testng.AbstractTestNGCucumberTests"/>
      </group> <!-- cucumber -->
    </groups>
    <test started-at="2021-08-12T13:56:45 GMT+03:00" name="Default test" finished-at="2021-08-12T13:57:12 GMT+03:00" duration-ms="27169">
      <class name="runner.TestRunner">
        <test-method is-config="true" signature="setUpClass()[pri:0, instance:runner.TestRunner@729d991e]" started-at="2021-08-12T13:56:45 GMT+03:00" name="setUpClass" finished-at="2021-08-12T13:56:45 GMT+03:00" duration-ms="129" status="PASS">
          <reporter-output>
          </reporter-output>
        </test-method> <!-- setUpClass -->
        <test-method is-config="true" signature="setUp(org.testng.ITestContext)[pri:0, instance:runner.TestRunner@729d991e]" started-at="2021-08-12T13:56:45 GMT+03:00" name="setUp" finished-at="2021-08-12T13:56:52 GMT+03:00" duration-ms="7060" status="PASS">
          <params>
            <param index="0">
              <value>
                <![CDATA[org.testng.TestRunner@8e25d3f]]>
              </value>
            </param>
          </params>
          <reporter-output>
          </reporter-output>
        </test-method> <!-- setUp -->
        <test-method signature="feature(cucumber.api.testng.CucumberFeatureWrapper)[pri:0, instance:runner.TestRunner@729d991e]" started-at="2021-08-12T13:56:52 GMT+03:00" name="feature" description="Runs Cucumber Feature" data-provider="features" finished-at="2021-08-12T13:57:11 GMT+03:00" duration-ms="19104" status="PASS">
          <params>
            <param index="0">
              <value>
                <![CDATA[User Login]]>
              </value>
            </param>
          </params>
          <reporter-output>
          </reporter-output>
        </test-method> <!-- feature -->
        <test-method is-config="true" signature="stopDriver()[pri:0, instance:runner.TestRunner@729d991e]" started-at="2021-08-12T13:57:11 GMT+03:00" name="stopDriver" finished-at="2021-08-12T13:57:12 GMT+03:00" duration-ms="679" status="PASS">
          <reporter-output>
          </reporter-output>
        </test-method> <!-- stopDriver -->
        <test-method is-config="true" signature="tearDownClass()[pri:0, instance:runner.TestRunner@729d991e]" started-at="2021-08-12T13:57:12 GMT+03:00" name="tearDownClass" finished-at="2021-08-12T13:57:12 GMT+03:00" duration-ms="16" status="PASS">
          <reporter-output>
          </reporter-output>
        </test-method> <!-- tearDownClass -->
      </class> <!-- runner.TestRunner -->
    </test> <!-- Default test -->
  </suite> <!-- Default suite -->
</testng-results>
